<?xml version="1.0" encoding="UTF-8"?>
<!-- Generated by org.testng.reporters.JUnitXMLReporter -->
<testsuite hostname="OM383s-MBP" name="Test-class test 1" tests="6" failures="0" timestamp="15 Oct 2017 08:24:33 GMT" time="30.179" errors="0">
  <testcase name="testfirst101" time="0.002" classname="com.settings1.settings11"/>
  <testcase name="testfirst102" time="0.001" classname="com.settings1.settings11"/>
  <testcase name="testfirst103" time="0.001" classname="com.settings1.settings11"/>
  <testcase name="testfirst201" time="0.002" classname="com.settings1.Settings12"/>
  <testcase name="testfirst202" time="0.007" classname="com.settings1.Settings12"/>
  <testcase name="testfirst203" time="0.001" classname="com.settings1.Settings12"/>
</testsuite> <!-- Test-class test 1 -->
