<?xml version="1.0" encoding="UTF-8"?>
<!-- Generated by org.testng.reporters.JUnitXMLReporter -->
<testsuite hostname="OM383s-MBP" name="Test-class test 2" tests="6" failures="0" timestamp="15 Oct 2017 08:24:49 GMT" time="46.06" errors="0">
  <testcase name="testfirst103" time="0.001" classname="com.settings2.settings21"/>
  <testcase name="testsec101" time="0.0" classname="com.settings2.settings21"/>
  <testcase name="testsec102" time="0.0" classname="com.settings2.settings21"/>
  <testcase name="testsec201" time="0.001" classname="com.settings2.Settings22"/>
  <testcase name="testsec202" time="0.001" classname="com.settings2.Settings22"/>
  <testcase name="testsec203" time="0.001" classname="com.settings2.Settings22"/>
</testsuite> <!-- Test-class test 2 -->
