<?xml version="1.0" encoding="UTF-8"?>
<!-- Generated by org.testng.reporters.JUnitReportReporter -->
<testsuite hostname="Shanojs-Air" name="com.settings1.settings11" tests="1" failures="0" timestamp="11 Mar 2018 07:41:25 GMT" time="50.140" errors="0">
  <testcase name="testsec1" time="50.140" classname="com.settings1.settings11"/>
</testsuite> <!-- com.settings1.settings11 -->
