<?xml version="1.0" encoding="UTF-8"?>
<!-- Generated by org.testng.reporters.JUnitReportReporter -->
<testsuite hostname="Shanojs-Air" name="com.settings2.settings21" tests="1" failures="0" timestamp="11 Mar 2018 07:41:25 GMT" time="46.741" errors="0">
  <testcase name="testfirst202" time="46.741" classname="com.settings2.settings21"/>
</testsuite> <!-- com.settings2.settings21 -->
